<?xml version="1.0" encoding="UTF-8"?>
<!-- Generated by org.testng.reporters.JUnitReportReporter -->
<testsuite skipped="0" hostname="SATWIKs-Air" name="com.Automation.Script.Registration" tests="1" failures="0" timestamp="26 Jan 2018 09:46:19 GMT" time="2.642" errors="0">
  <testcase name="registrationmethod" time="2.642" classname="com.Automation.Script.Registration"/>
</testsuite> <!-- com.Automation.Script.Registration -->
