<?xml version="1.0" encoding="UTF-8"?>
<!-- Generated by org.testng.reporters.JUnitReportReporter -->
<testsuite skipped="0" hostname="SATWIKs-Air" name="com.Automation.Script.Registration" tests="1" failures="0" timestamp="27 Jan 2018 18:22:47 GMT" time="2.327" errors="0">
  <testcase name="registrationmethod" time="2.327" classname="com.Automation.Script.Registration"/>
</testsuite> <!-- com.Automation.Script.Registration -->
